<?xml version="1.0" encoding="UTF-8"?>
<testng-results skipped="0" failed="0" ignored="0" total="5" passed="5">
  <reporter-output>
  </reporter-output>
  <suite name="Default suite" duration-ms="4287" started-at="2024-08-09T10:55:55 IST" finished-at="2024-08-09T10:56:00 IST">
    <groups>
      <group name="cucumber">
        <method signature="AbstractTestNGCucumberTests.runScenario(io.cucumber.testng.PickleWrapper,io.cucumber.testng.FeatureWrapper)[pri:0, instance:API_E2E_ALLMethods.TestRunner@5bfbf16f]" name="runScenario" class="io.cucumber.testng.AbstractTestNGCucumberTests"/>
      </group> <!-- cucumber -->
    </groups>
    <test name="Default test" duration-ms="4287" started-at="2024-08-09T10:55:55 IST" finished-at="2024-08-09T10:56:00 IST">
      <class name="API_E2E_ALLMethods.TestRunner">
        <test-method status="PASS" signature="setUpClass(org.testng.ITestContext)[pri:0, instance:API_E2E_ALLMethods.TestRunner@5bfbf16f]" name="setUpClass" is-config="true" duration-ms="328" started-at="2024-08-09T10:55:55 IST" finished-at="2024-08-09T10:55:56 IST">
          <params>
            <param index="0">
              <value>
                <![CDATA[org.testng.TestRunner@4a7a965d]]>
              </value>
            </param>
          </params>
          <reporter-output>
          </reporter-output>
        </test-method> <!-- setUpClass -->
        <test-method status="PASS" signature="runScenario(io.cucumber.testng.PickleWrapper,io.cucumber.testng.FeatureWrapper)[pri:0, instance:API_E2E_ALLMethods.TestRunner@5bfbf16f]" name="runScenario" duration-ms="3630" started-at="2024-08-09T10:55:56 IST" description="Runs Cucumber Scenarios" data-provider="scenarios" finished-at="2024-08-09T10:55:59 IST">
          <params>
            <param index="0">
              <value>
                <![CDATA["First create the data using POST method"]]>
              </value>
            </param>
            <param index="1">
              <value>
                <![CDATA["All http methods implimentation"]]>
              </value>
            </param>
          </params>
          <reporter-output>
          </reporter-output>
        </test-method> <!-- runScenario -->
        <test-method status="PASS" signature="runScenario(io.cucumber.testng.PickleWrapper,io.cucumber.testng.FeatureWrapper)[pri:0, instance:API_E2E_ALLMethods.TestRunner@5bfbf16f]" name="runScenario" duration-ms="95" started-at="2024-08-09T10:55:59 IST" description="Runs Cucumber Scenarios" data-provider="scenarios" finished-at="2024-08-09T10:55:59 IST">
          <params>
            <param index="0">
              <value>
                <![CDATA["USer get created the data using GET method"]]>
              </value>
            </param>
            <param index="1">
              <value>
                <![CDATA["All http methods implimentation"]]>
              </value>
            </param>
          </params>
          <reporter-output>
          </reporter-output>
        </test-method> <!-- runScenario -->
        <test-method status="PASS" signature="runScenario(io.cucumber.testng.PickleWrapper,io.cucumber.testng.FeatureWrapper)[pri:0, instance:API_E2E_ALLMethods.TestRunner@5bfbf16f]" name="runScenario" duration-ms="46" started-at="2024-08-09T10:55:59 IST" description="Runs Cucumber Scenarios" data-provider="scenarios" finished-at="2024-08-09T10:55:59 IST">
          <params>
            <param index="0">
              <value>
                <![CDATA["USer update created the data using PUT method"]]>
              </value>
            </param>
            <param index="1">
              <value>
                <![CDATA["All http methods implimentation"]]>
              </value>
            </param>
          </params>
          <reporter-output>
          </reporter-output>
        </test-method> <!-- runScenario -->
        <test-method status="PASS" signature="runScenario(io.cucumber.testng.PickleWrapper,io.cucumber.testng.FeatureWrapper)[pri:0, instance:API_E2E_ALLMethods.TestRunner@5bfbf16f]" name="runScenario" duration-ms="32" started-at="2024-08-09T10:55:59 IST" description="Runs Cucumber Scenarios" data-provider="scenarios" finished-at="2024-08-09T10:55:59 IST">
          <params>
            <param index="0">
              <value>
                <![CDATA["USer get created the data using GET method"]]>
              </value>
            </param>
            <param index="1">
              <value>
                <![CDATA["All http methods implimentation"]]>
              </value>
            </param>
          </params>
          <reporter-output>
          </reporter-output>
        </test-method> <!-- runScenario -->
        <test-method status="PASS" signature="runScenario(io.cucumber.testng.PickleWrapper,io.cucumber.testng.FeatureWrapper)[pri:0, instance:API_E2E_ALLMethods.TestRunner@5bfbf16f]" name="runScenario" duration-ms="93" started-at="2024-08-09T10:55:59 IST" description="Runs Cucumber Scenarios" data-provider="scenarios" finished-at="2024-08-09T10:56:00 IST">
          <params>
            <param index="0">
              <value>
                <![CDATA["USer Should delete created the data using GET method"]]>
              </value>
            </param>
            <param index="1">
              <value>
                <![CDATA["All http methods implimentation"]]>
              </value>
            </param>
          </params>
          <reporter-output>
          </reporter-output>
        </test-method> <!-- runScenario -->
        <test-method status="PASS" signature="tearDownClass()[pri:0, instance:API_E2E_ALLMethods.TestRunner@5bfbf16f]" name="tearDownClass" is-config="true" duration-ms="16" started-at="2024-08-09T10:56:00 IST" finished-at="2024-08-09T10:56:00 IST">
          <reporter-output>
          </reporter-output>
        </test-method> <!-- tearDownClass -->
      </class> <!-- API_E2E_ALLMethods.TestRunner -->
    </test> <!-- Default test -->
  </suite> <!-- Default suite -->
</testng-results>
